::1 - - [02/Jul/2020:22:15:05 +0200] "GET /user HTTP/1.1" 200 1342 "http://localhost:22222/" "Mozilla/5.0 (Windows NT 10.0; Win64; x64) AppleWebKit/537.36 (KHTML, like Gecko) Chrome/83.0.4103.116 Safari/537.36"
::1 - - [02/Jul/2020:22:29:54 +0200] "GET /user HTTP/1.1" 200 1342 "http://localhost:22222/user" "Mozilla/5.0 (Windows NT 10.0; Win64; x64) AppleWebKit/537.36 (KHTML, like Gecko) Chrome/83.0.4103.116 Safari/537.36"
::1 - - [02/Jul/2020:22:30:23 +0200] "GET / HTTP/1.1" 200 1342 "-" "Mozilla/5.0 (Windows NT 10.0; Win64; x64) AppleWebKit/537.36 (KHTML, like Gecko) Chrome/83.0.4103.116 Safari/537.36"
::1 - - [02/Jul/2020:22:30:26 +0200] "GET /user HTTP/1.1" 200 1342 "http://localhost:22222/" "Mozilla/5.0 (Windows NT 10.0; Win64; x64) AppleWebKit/537.36 (KHTML, like Gecko) Chrome/83.0.4103.116 Safari/537.36"
::1 - - [08/Jul/2020:21:15:38 +0200] "GET / HTTP/1.1" 200 1342 "-" "Mozilla/5.0 (Windows NT 10.0; Win64; x64) AppleWebKit/537.36 (KHTML, like Gecko) Chrome/83.0.4103.116 Safari/537.36"
::1 - - [08/Jul/2020:21:15:38 +0200] "GET /bootstrap/js/jquery-3.5.1.min.js HTTP/1.1" 200 89476 "http://localhost:22222/" "Mozilla/5.0 (Windows NT 10.0; Win64; x64) AppleWebKit/537.36 (KHTML, like Gecko) Chrome/83.0.4103.116 Safari/537.36"
::1 - - [08/Jul/2020:21:15:38 +0200] "GET /bootstrap/js/popper.min.js HTTP/1.1" 200 19036 "http://localhost:22222/" "Mozilla/5.0 (Windows NT 10.0; Win64; x64) AppleWebKit/537.36 (KHTML, like Gecko) Chrome/83.0.4103.116 Safari/537.36"
::1 - - [08/Jul/2020:21:15:38 +0200] "GET /bootstrap/css/bootstrap.min.css HTTP/1.1" 200 155758 "http://localhost:22222/" "Mozilla/5.0 (Windows NT 10.0; Win64; x64) AppleWebKit/537.36 (KHTML, like Gecko) Chrome/83.0.4103.116 Safari/537.36"
::1 - - [08/Jul/2020:21:15:38 +0200] "GET /bootstrap/js/bootstrap.min.js HTTP/1.1" 200 58072 "http://localhost:22222/" "Mozilla/5.0 (Windows NT 10.0; Win64; x64) AppleWebKit/537.36 (KHTML, like Gecko) Chrome/83.0.4103.116 Safari/537.36"
::1 - - [08/Jul/2020:21:15:38 +0200] "GET /favicon.ico HTTP/1.1" 404 172865 "http://localhost:22222/" "Mozilla/5.0 (Windows NT 10.0; Win64; x64) AppleWebKit/537.36 (KHTML, like Gecko) Chrome/83.0.4103.116 Safari/537.36"
::1 - - [08/Jul/2020:21:15:39 +0200] "GET /user HTTP/1.1" 200 1342 "http://localhost:22222/" "Mozilla/5.0 (Windows NT 10.0; Win64; x64) AppleWebKit/537.36 (KHTML, like Gecko) Chrome/83.0.4103.116 Safari/537.36"
::1 - - [08/Jul/2020:23:55:18 +0200] "GET / HTTP/1.1" 500 173431 "-" "Mozilla/5.0 (Windows NT 10.0; Win64; x64) AppleWebKit/537.36 (KHTML, like Gecko) Chrome/83.0.4103.116 Safari/537.36"
::1 - - [08/Jul/2020:23:56:27 +0200] "GET / HTTP/1.1" 200 1342 "-" "Mozilla/5.0 (Windows NT 10.0; Win64; x64) AppleWebKit/537.36 (KHTML, like Gecko) Chrome/83.0.4103.116 Safari/537.36"
::1 - - [08/Jul/2020:23:56:35 +0200] "GET / HTTP/1.1" 200 1342 "-" "Mozilla/5.0 (Windows NT 10.0; Win64; x64) AppleWebKit/537.36 (KHTML, like Gecko) Chrome/83.0.4103.116 Safari/537.36"
::1 - - [08/Jul/2020:23:56:40 +0200] "GET /user HTTP/1.1" 200 1342 "http://localhost:22222/" "Mozilla/5.0 (Windows NT 10.0; Win64; x64) AppleWebKit/537.36 (KHTML, like Gecko) Chrome/83.0.4103.116 Safari/537.36"
::1 - - [08/Jul/2020:23:56:44 +0200] "GET /user HTTP/1.1" 200 1342 "http://localhost:22222/user" "Mozilla/5.0 (Windows NT 10.0; Win64; x64) AppleWebKit/537.36 (KHTML, like Gecko) Chrome/83.0.4103.116 Safari/537.36"
::1 - - [08/Jul/2020:23:56:48 +0200] "GET /user/create HTTP/1.1" 500 173937 "-" "Mozilla/5.0 (Windows NT 10.0; Win64; x64) AppleWebKit/537.36 (KHTML, like Gecko) Chrome/83.0.4103.116 Safari/537.36"
::1 - - [08/Jul/2020:23:56:57 +0200] "GET / HTTP/1.1" 200 1342 "-" "Mozilla/5.0 (Windows NT 10.0; Win64; x64) AppleWebKit/537.36 (KHTML, like Gecko) Chrome/83.0.4103.116 Safari/537.36"
::1 - - [08/Jul/2020:23:56:59 +0200] "GET /user HTTP/1.1" 200 1342 "http://localhost:22222/" "Mozilla/5.0 (Windows NT 10.0; Win64; x64) AppleWebKit/537.36 (KHTML, like Gecko) Chrome/83.0.4103.116 Safari/537.36"
::1 - - [08/Jul/2020:23:57:02 +0200] "GET /user/create HTTP/1.1" 500 173937 "-" "Mozilla/5.0 (Windows NT 10.0; Win64; x64) AppleWebKit/537.36 (KHTML, like Gecko) Chrome/83.0.4103.116 Safari/537.36"
::1 - - [09/Jul/2020:00:01:45 +0200] "GET /user/create HTTP/1.1" 500 173427 "-" "Mozilla/5.0 (Windows NT 10.0; Win64; x64) AppleWebKit/537.36 (KHTML, like Gecko) Chrome/83.0.4103.116 Safari/537.36"
::1 - - [09/Jul/2020:00:05:21 +0200] "GET /user/create HTTP/1.1" 500 173431 "-" "Mozilla/5.0 (Windows NT 10.0; Win64; x64) AppleWebKit/537.36 (KHTML, like Gecko) Chrome/83.0.4103.116 Safari/537.36"
::1 - - [09/Jul/2020:00:06:31 +0200] "GET /user/create HTTP/1.1" 500 173937 "-" "Mozilla/5.0 (Windows NT 10.0; Win64; x64) AppleWebKit/537.36 (KHTML, like Gecko) Chrome/83.0.4103.116 Safari/537.36"
::1 - - [09/Jul/2020:00:10:18 +0200] "GET /user/create HTTP/1.1" 500 155604 "-" "Mozilla/5.0 (Windows NT 10.0; Win64; x64) AppleWebKit/537.36 (KHTML, like Gecko) Chrome/83.0.4103.116 Safari/537.36"
::1 - - [09/Jul/2020:00:14:12 +0200] "GET /user/create HTTP/1.1" 500 155604 "-" "Mozilla/5.0 (Windows NT 10.0; Win64; x64) AppleWebKit/537.36 (KHTML, like Gecko) Chrome/83.0.4103.116 Safari/537.36"
::1 - - [09/Jul/2020:00:19:28 +0200] "GET /user/create HTTP/1.1" 500 155615 "-" "Mozilla/5.0 (Windows NT 10.0; Win64; x64) AppleWebKit/537.36 (KHTML, like Gecko) Chrome/83.0.4103.116 Safari/537.36"
::1 - - [09/Jul/2020:00:20:49 +0200] "GET /user/create HTTP/1.1" 500 155615 "http://localhost:22222/user/create" "Mozilla/5.0 (Windows NT 10.0; Win64; x64) AppleWebKit/537.36 (KHTML, like Gecko) Chrome/83.0.4103.116 Safari/537.36"
::1 - - [09/Jul/2020:00:20:50 +0200] "GET /user/create HTTP/1.1" 500 155615 "http://localhost:22222/user/create" "Mozilla/5.0 (Windows NT 10.0; Win64; x64) AppleWebKit/537.36 (KHTML, like Gecko) Chrome/83.0.4103.116 Safari/537.36"
::1 - - [09/Jul/2020:00:21:43 +0200] "GET /user/create HTTP/1.1" 500 155615 "http://localhost:22222/user/create" "Mozilla/5.0 (Windows NT 10.0; Win64; x64) AppleWebKit/537.36 (KHTML, like Gecko) Chrome/83.0.4103.116 Safari/537.36"
::1 - - [09/Jul/2020:00:21:44 +0200] "GET /user/create HTTP/1.1" 500 155615 "http://localhost:22222/user/create" "Mozilla/5.0 (Windows NT 10.0; Win64; x64) AppleWebKit/537.36 (KHTML, like Gecko) Chrome/83.0.4103.116 Safari/537.36"
::1 - - [09/Jul/2020:00:21:45 +0200] "GET /user/create HTTP/1.1" 500 155615 "http://localhost:22222/user/create" "Mozilla/5.0 (Windows NT 10.0; Win64; x64) AppleWebKit/537.36 (KHTML, like Gecko) Chrome/83.0.4103.116 Safari/537.36"
::1 - - [09/Jul/2020:00:22:25 +0200] "GET /user/create HTTP/1.1" 500 155637 "http://localhost:22222/user/create" "Mozilla/5.0 (Windows NT 10.0; Win64; x64) AppleWebKit/537.36 (KHTML, like Gecko) Chrome/83.0.4103.116 Safari/537.36"
::1 - - [09/Jul/2020:00:27:03 +0200] "GET /user/create HTTP/1.1" 500 155109 "http://localhost:22222/user/create" "Mozilla/5.0 (Windows NT 10.0; Win64; x64) AppleWebKit/537.36 (KHTML, like Gecko) Chrome/83.0.4103.116 Safari/537.36"
::1 - - [09/Jul/2020:00:29:15 +0200] "GET /user/create HTTP/1.1" 200 43 "http://localhost:22222/user/create" "Mozilla/5.0 (Windows NT 10.0; Win64; x64) AppleWebKit/537.36 (KHTML, like Gecko) Chrome/83.0.4103.116 Safari/537.36"
::1 - - [09/Jul/2020:00:30:25 +0200] "GET / HTTP/1.1" 200 1342 "-" "Mozilla/5.0 (Windows NT 10.0; Win64; x64) AppleWebKit/537.36 (KHTML, like Gecko) Chrome/83.0.4103.116 Safari/537.36"
::1 - - [09/Jul/2020:00:30:29 +0200] "GET /user HTTP/1.1" 200 1342 "http://localhost:22222/" "Mozilla/5.0 (Windows NT 10.0; Win64; x64) AppleWebKit/537.36 (KHTML, like Gecko) Chrome/83.0.4103.116 Safari/537.36"
::1 - - [09/Jul/2020:00:32:35 +0200] "GET /user HTTP/1.1" 200 1342 "http://localhost:22222/" "Mozilla/5.0 (Windows NT 10.0; Win64; x64) AppleWebKit/537.36 (KHTML, like Gecko) Chrome/83.0.4103.116 Safari/537.36"
::1 - - [09/Jul/2020:00:32:39 +0200] "GET / HTTP/1.1" 200 1342 "-" "Mozilla/5.0 (Windows NT 10.0; Win64; x64) AppleWebKit/537.36 (KHTML, like Gecko) Chrome/83.0.4103.116 Safari/537.36"
::1 - - [09/Jul/2020:00:32:44 +0200] "GET /user HTTP/1.1" 200 1342 "http://localhost:22222/" "Mozilla/5.0 (Windows NT 10.0; Win64; x64) AppleWebKit/537.36 (KHTML, like Gecko) Chrome/83.0.4103.116 Safari/537.36"
::1 - - [09/Jul/2020:00:33:15 +0200] "GET /login HTTP/1.1" 200 1099 "-" "Mozilla/5.0 (Windows NT 10.0; Win64; x64) AppleWebKit/537.36 (KHTML, like Gecko) Chrome/83.0.4103.116 Safari/537.36"
::1 - - [09/Jul/2020:00:35:50 +0200] "GET /login HTTP/1.1" 200 1226 "-" "Mozilla/5.0 (Windows NT 10.0; Win64; x64) AppleWebKit/537.36 (KHTML, like Gecko) Chrome/83.0.4103.116 Safari/537.36"
::1 - - [09/Jul/2020:00:36:43 +0200] "GET /login HTTP/1.1" 200 1193 "-" "Mozilla/5.0 (Windows NT 10.0; Win64; x64) AppleWebKit/537.36 (KHTML, like Gecko) Chrome/83.0.4103.116 Safari/537.36"
::1 - - [09/Jul/2020:00:39:04 +0200] "GET /login HTTP/1.1" 200 1225 "-" "Mozilla/5.0 (Windows NT 10.0; Win64; x64) AppleWebKit/537.36 (KHTML, like Gecko) Chrome/83.0.4103.116 Safari/537.36"
::1 - - [09/Jul/2020:00:40:14 +0200] "GET /login HTTP/1.1" 200 1256 "-" "Mozilla/5.0 (Windows NT 10.0; Win64; x64) AppleWebKit/537.36 (KHTML, like Gecko) Chrome/83.0.4103.116 Safari/537.36"
::1 - - [09/Jul/2020:00:44:12 +0200] "GET /login HTTP/1.1" 200 1556 "-" "Mozilla/5.0 (Windows NT 10.0; Win64; x64) AppleWebKit/537.36 (KHTML, like Gecko) Chrome/83.0.4103.116 Safari/537.36"
::1 - - [09/Jul/2020:00:44:12 +0200] "GET /bootstrap/css/custom.css HTTP/1.1" 200 606 "http://localhost:22222/login" "Mozilla/5.0 (Windows NT 10.0; Win64; x64) AppleWebKit/537.36 (KHTML, like Gecko) Chrome/83.0.4103.116 Safari/537.36"
::1 - - [09/Jul/2020:00:44:20 +0200] "GET /login HTTP/1.1" 200 1556 "-" "Mozilla/5.0 (Windows NT 10.0; Win64; x64) AppleWebKit/537.36 (KHTML, like Gecko) Chrome/83.0.4103.116 Safari/537.36"
::1 - - [09/Jul/2020:00:44:23 +0200] "GET /login HTTP/1.1" 200 1556 "-" "Mozilla/5.0 (Windows NT 10.0; Win64; x64) AppleWebKit/537.36 (KHTML, like Gecko) Chrome/83.0.4103.116 Safari/537.36"
::1 - - [09/Jul/2020:00:44:23 +0200] "GET /bootstrap/css/custom.css HTTP/1.1" 304 - "http://localhost:22222/login" "Mozilla/5.0 (Windows NT 10.0; Win64; x64) AppleWebKit/537.36 (KHTML, like Gecko) Chrome/83.0.4103.116 Safari/537.36"
::1 - - [09/Jul/2020:00:44:35 +0200] "GET /login HTTP/1.1" 200 1556 "-" "Mozilla/5.0 (Windows NT 10.0; Win64; x64) AppleWebKit/537.36 (KHTML, like Gecko) Chrome/83.0.4103.116 Safari/537.36"
::1 - - [09/Jul/2020:00:44:35 +0200] "GET /bootstrap/css/custom.css HTTP/1.1" 304 - "http://localhost:22222/login" "Mozilla/5.0 (Windows NT 10.0; Win64; x64) AppleWebKit/537.36 (KHTML, like Gecko) Chrome/83.0.4103.116 Safari/537.36"
::1 - - [09/Jul/2020:00:44:38 +0200] "GET /login HTTP/1.1" 200 1556 "-" "Mozilla/5.0 (Windows NT 10.0; Win64; x64) AppleWebKit/537.36 (KHTML, like Gecko) Chrome/83.0.4103.116 Safari/537.36"
::1 - - [09/Jul/2020:00:44:40 +0200] "GET /login HTTP/1.1" 200 1556 "-" "Mozilla/5.0 (Windows NT 10.0; Win64; x64) AppleWebKit/537.36 (KHTML, like Gecko) Chrome/83.0.4103.116 Safari/537.36"
::1 - - [09/Jul/2020:00:44:42 +0200] "GET /login HTTP/1.1" 200 1556 "-" "Mozilla/5.0 (Windows NT 10.0; Win64; x64) AppleWebKit/537.36 (KHTML, like Gecko) Chrome/83.0.4103.116 Safari/537.36"
::1 - - [09/Jul/2020:00:44:45 +0200] "GET /login HTTP/1.1" 200 1556 "-" "Mozilla/5.0 (Windows NT 10.0; Win64; x64) AppleWebKit/537.36 (KHTML, like Gecko) Chrome/83.0.4103.116 Safari/537.36"
::1 - - [09/Jul/2020:00:44:48 +0200] "GET /login HTTP/1.1" 200 1556 "-" "Mozilla/5.0 (Windows NT 10.0; Win64; x64) AppleWebKit/537.36 (KHTML, like Gecko) Chrome/83.0.4103.116 Safari/537.36"
::1 - - [09/Jul/2020:00:44:48 +0200] "GET /bootstrap/css/custom.css HTTP/1.1" 304 - "http://localhost:22222/login" "Mozilla/5.0 (Windows NT 10.0; Win64; x64) AppleWebKit/537.36 (KHTML, like Gecko) Chrome/83.0.4103.116 Safari/537.36"
::1 - - [09/Jul/2020:00:45:56 +0200] "GET /login HTTP/1.1" 200 1586 "-" "Mozilla/5.0 (Windows NT 10.0; Win64; x64) AppleWebKit/537.36 (KHTML, like Gecko) Chrome/83.0.4103.116 Safari/537.36"
::1 - - [09/Jul/2020:00:45:56 +0200] "GET /bootstrap/css/custom.css HTTP/1.1" 304 - "http://localhost:22222/login" "Mozilla/5.0 (Windows NT 10.0; Win64; x64) AppleWebKit/537.36 (KHTML, like Gecko) Chrome/83.0.4103.116 Safari/537.36"
::1 - - [09/Jul/2020:00:46:04 +0200] "POST /login HTTP/1.1" 302 270 "http://localhost:22222/login" "Mozilla/5.0 (Windows NT 10.0; Win64; x64) AppleWebKit/537.36 (KHTML, like Gecko) Chrome/83.0.4103.116 Safari/537.36"
::1 - - [09/Jul/2020:00:46:04 +0200] "GET /login HTTP/1.1" 200 1690 "http://localhost:22222/login" "Mozilla/5.0 (Windows NT 10.0; Win64; x64) AppleWebKit/537.36 (KHTML, like Gecko) Chrome/83.0.4103.116 Safari/537.36"
::1 - - [09/Jul/2020:00:46:25 +0200] "POST /login HTTP/1.1" 302 270 "http://localhost:22222/login" "Mozilla/5.0 (Windows NT 10.0; Win64; x64) AppleWebKit/537.36 (KHTML, like Gecko) Chrome/83.0.4103.116 Safari/537.36"
::1 - - [09/Jul/2020:00:46:25 +0200] "GET /login HTTP/1.1" 200 1677 "http://localhost:22222/login" "Mozilla/5.0 (Windows NT 10.0; Win64; x64) AppleWebKit/537.36 (KHTML, like Gecko) Chrome/83.0.4103.116 Safari/537.36"
::1 - - [09/Jul/2020:00:46:26 +0200] "GET /bootstrap/css/custom.css HTTP/1.1" 304 - "http://localhost:22222/login" "Mozilla/5.0 (Windows NT 10.0; Win64; x64) AppleWebKit/537.36 (KHTML, like Gecko) Chrome/83.0.4103.116 Safari/537.36"
::1 - - [09/Jul/2020:00:46:54 +0200] "POST /login HTTP/1.1" 302 270 "http://localhost:22222/login" "Mozilla/5.0 (Windows NT 10.0; Win64; x64) AppleWebKit/537.36 (KHTML, like Gecko) Chrome/83.0.4103.116 Safari/537.36"
::1 - - [09/Jul/2020:00:46:54 +0200] "GET /login HTTP/1.1" 200 1677 "http://localhost:22222/login" "Mozilla/5.0 (Windows NT 10.0; Win64; x64) AppleWebKit/537.36 (KHTML, like Gecko) Chrome/83.0.4103.116 Safari/537.36"
::1 - - [09/Jul/2020:00:46:55 +0200] "GET /bootstrap/css/custom.css HTTP/1.1" 304 - "http://localhost:22222/login" "Mozilla/5.0 (Windows NT 10.0; Win64; x64) AppleWebKit/537.36 (KHTML, like Gecko) Chrome/83.0.4103.116 Safari/537.36"
::1 - - [09/Jul/2020:00:48:47 +0200] "POST /login HTTP/1.1" 302 270 "http://localhost:22222/login" "Mozilla/5.0 (Windows NT 10.0; Win64; x64) AppleWebKit/537.36 (KHTML, like Gecko) Chrome/83.0.4103.116 Safari/537.36"
::1 - - [09/Jul/2020:00:48:47 +0200] "GET /login HTTP/1.1" 200 1677 "http://localhost:22222/login" "Mozilla/5.0 (Windows NT 10.0; Win64; x64) AppleWebKit/537.36 (KHTML, like Gecko) Chrome/83.0.4103.116 Safari/537.36"
::1 - - [09/Jul/2020:00:48:47 +0200] "GET /bootstrap/css/custom.css HTTP/1.1" 304 - "http://localhost:22222/login" "Mozilla/5.0 (Windows NT 10.0; Win64; x64) AppleWebKit/537.36 (KHTML, like Gecko) Chrome/83.0.4103.116 Safari/537.36"
::1 - - [09/Jul/2020:00:48:52 +0200] "POST /login HTTP/1.1" 302 270 "http://localhost:22222/login" "Mozilla/5.0 (Windows NT 10.0; Win64; x64) AppleWebKit/537.36 (KHTML, like Gecko) Chrome/83.0.4103.116 Safari/537.36"
::1 - - [09/Jul/2020:00:48:52 +0200] "GET /login HTTP/1.1" 200 1677 "http://localhost:22222/login" "Mozilla/5.0 (Windows NT 10.0; Win64; x64) AppleWebKit/537.36 (KHTML, like Gecko) Chrome/83.0.4103.116 Safari/537.36"
::1 - - [09/Jul/2020:00:48:58 +0200] "POST /login HTTP/1.1" 302 270 "http://localhost:22222/login" "Mozilla/5.0 (Windows NT 10.0; Win64; x64) AppleWebKit/537.36 (KHTML, like Gecko) Chrome/83.0.4103.116 Safari/537.36"
::1 - - [09/Jul/2020:00:48:58 +0200] "GET /login HTTP/1.1" 200 1677 "http://localhost:22222/login" "Mozilla/5.0 (Windows NT 10.0; Win64; x64) AppleWebKit/537.36 (KHTML, like Gecko) Chrome/83.0.4103.116 Safari/537.36"
::1 - - [09/Jul/2020:00:50:22 +0200] "GET /register HTTP/1.1" 500 104569 "-" "Mozilla/5.0 (Windows NT 10.0; Win64; x64) AppleWebKit/537.36 (KHTML, like Gecko) Chrome/83.0.4103.116 Safari/537.36"
::1 - - [09/Jul/2020:00:51:39 +0200] "GET /register HTTP/1.1" 500 104569 "-" "Mozilla/5.0 (Windows NT 10.0; Win64; x64) AppleWebKit/537.36 (KHTML, like Gecko) Chrome/83.0.4103.116 Safari/537.36"
::1 - - [09/Jul/2020:00:56:18 +0200] "GET /register HTTP/1.1" 500 104569 "-" "Mozilla/5.0 (Windows NT 10.0; Win64; x64) AppleWebKit/537.36 (KHTML, like Gecko) Chrome/83.0.4103.116 Safari/537.36"
::1 - - [09/Jul/2020:00:58:44 +0200] "GET /login HTTP/1.1" 200 1606 "-" "Mozilla/5.0 (Windows NT 10.0; Win64; x64) AppleWebKit/537.36 (KHTML, like Gecko) Chrome/83.0.4103.116 Safari/537.36"
::1 - - [09/Jul/2020:00:58:44 +0200] "GET /bootstrap/css/custom.css HTTP/1.1" 304 - "http://localhost:22222/login" "Mozilla/5.0 (Windows NT 10.0; Win64; x64) AppleWebKit/537.36 (KHTML, like Gecko) Chrome/83.0.4103.116 Safari/537.36"
::1 - - [09/Jul/2020:00:58:49 +0200] "POST /login HTTP/1.1" 302 270 "http://localhost:22222/login" "Mozilla/5.0 (Windows NT 10.0; Win64; x64) AppleWebKit/537.36 (KHTML, like Gecko) Chrome/83.0.4103.116 Safari/537.36"
::1 - - [09/Jul/2020:00:58:49 +0200] "GET /login HTTP/1.1" 200 1677 "http://localhost:22222/login" "Mozilla/5.0 (Windows NT 10.0; Win64; x64) AppleWebKit/537.36 (KHTML, like Gecko) Chrome/83.0.4103.116 Safari/537.36"
::1 - - [09/Jul/2020:01:04:18 +0200] "POST /login HTTP/1.1" 500 156429 "http://localhost:22222/login" "Mozilla/5.0 (Windows NT 10.0; Win64; x64) AppleWebKit/537.36 (KHTML, like Gecko) Chrome/83.0.4103.116 Safari/537.36"
::1 - - [09/Jul/2020:01:08:12 +0200] "POST /login HTTP/1.1" 302 250 "http://localhost:22222/login" "Mozilla/5.0 (Windows NT 10.0; Win64; x64) AppleWebKit/537.36 (KHTML, like Gecko) Chrome/83.0.4103.116 Safari/537.36"
::1 - - [09/Jul/2020:01:08:13 +0200] "GET / HTTP/1.1" 200 1411 "http://localhost:22222/login" "Mozilla/5.0 (Windows NT 10.0; Win64; x64) AppleWebKit/537.36 (KHTML, like Gecko) Chrome/83.0.4103.116 Safari/537.36"
::1 - - [09/Jul/2020:01:08:13 +0200] "GET /bootstrap/css/custom.css HTTP/1.1" 304 - "http://localhost:22222/" "Mozilla/5.0 (Windows NT 10.0; Win64; x64) AppleWebKit/537.36 (KHTML, like Gecko) Chrome/83.0.4103.116 Safari/537.36"
::1 - - [09/Jul/2020:01:08:16 +0200] "GET /user HTTP/1.1" 200 1411 "http://localhost:22222/" "Mozilla/5.0 (Windows NT 10.0; Win64; x64) AppleWebKit/537.36 (KHTML, like Gecko) Chrome/83.0.4103.116 Safari/537.36"
::1 - - [09/Jul/2020:01:08:20 +0200] "GET /user/login HTTP/1.1" 302 250 "-" "Mozilla/5.0 (Windows NT 10.0; Win64; x64) AppleWebKit/537.36 (KHTML, like Gecko) Chrome/83.0.4103.116 Safari/537.36"
::1 - - [09/Jul/2020:01:08:20 +0200] "GET / HTTP/1.1" 200 1411 "-" "Mozilla/5.0 (Windows NT 10.0; Win64; x64) AppleWebKit/537.36 (KHTML, like Gecko) Chrome/83.0.4103.116 Safari/537.36"
::1 - - [09/Jul/2020:01:08:24 +0200] "GET /login HTTP/1.1" 302 250 "-" "Mozilla/5.0 (Windows NT 10.0; Win64; x64) AppleWebKit/537.36 (KHTML, like Gecko) Chrome/83.0.4103.116 Safari/537.36"
::1 - - [09/Jul/2020:01:08:24 +0200] "GET / HTTP/1.1" 200 1411 "-" "Mozilla/5.0 (Windows NT 10.0; Win64; x64) AppleWebKit/537.36 (KHTML, like Gecko) Chrome/83.0.4103.116 Safari/537.36"
::1 - - [09/Jul/2020:01:08:32 +0200] "GET /user HTTP/1.1" 200 1411 "http://localhost:22222/" "Mozilla/5.0 (Windows NT 10.0; Win64; x64) AppleWebKit/537.36 (KHTML, like Gecko) Chrome/83.0.4103.116 Safari/537.36"
::1 - - [09/Jul/2020:01:08:43 +0200] "GET / HTTP/1.1" 200 1411 "-" "Mozilla/5.0 (Windows NT 10.0; Win64; x64) AppleWebKit/537.36 (KHTML, like Gecko) Chrome/83.0.4103.116 Safari/537.36"
::1 - - [09/Jul/2020:01:08:47 +0200] "GET /user HTTP/1.1" 200 1411 "http://localhost:22222/" "Mozilla/5.0 (Windows NT 10.0; Win64; x64) AppleWebKit/537.36 (KHTML, like Gecko) Chrome/83.0.4103.116 Safari/537.36"
::1 - - [09/Jul/2020:01:09:02 +0200] "GET /login HTTP/1.1" 200 1586 "-" "Mozilla/5.0 (Windows NT 10.0; Win64; x64) AppleWebKit/537.36 (KHTML, like Gecko) Chrome/83.0.4103.116 Safari/537.36"
::1 - - [09/Jul/2020:01:09:02 +0200] "GET /bootstrap/js/jquery-3.5.1.min.js HTTP/1.1" 200 89476 "http://localhost:22222/login" "Mozilla/5.0 (Windows NT 10.0; Win64; x64) AppleWebKit/537.36 (KHTML, like Gecko) Chrome/83.0.4103.116 Safari/537.36"
::1 - - [09/Jul/2020:01:09:02 +0200] "GET /bootstrap/js/popper.min.js HTTP/1.1" 200 19036 "http://localhost:22222/login" "Mozilla/5.0 (Windows NT 10.0; Win64; x64) AppleWebKit/537.36 (KHTML, like Gecko) Chrome/83.0.4103.116 Safari/537.36"
::1 - - [09/Jul/2020:01:09:02 +0200] "GET /bootstrap/css/custom.css HTTP/1.1" 200 606 "http://localhost:22222/login" "Mozilla/5.0 (Windows NT 10.0; Win64; x64) AppleWebKit/537.36 (KHTML, like Gecko) Chrome/83.0.4103.116 Safari/537.36"
::1 - - [09/Jul/2020:01:09:02 +0200] "GET /bootstrap/css/bootstrap.min.css HTTP/1.1" 200 155758 "http://localhost:22222/login" "Mozilla/5.0 (Windows NT 10.0; Win64; x64) AppleWebKit/537.36 (KHTML, like Gecko) Chrome/83.0.4103.116 Safari/537.36"
::1 - - [09/Jul/2020:01:09:02 +0200] "GET /bootstrap/js/bootstrap.min.js HTTP/1.1" 200 58072 "http://localhost:22222/login" "Mozilla/5.0 (Windows NT 10.0; Win64; x64) AppleWebKit/537.36 (KHTML, like Gecko) Chrome/83.0.4103.116 Safari/537.36"
::1 - - [09/Jul/2020:01:09:09 +0200] "POST /login HTTP/1.1" 302 250 "http://localhost:22222/login" "Mozilla/5.0 (Windows NT 10.0; Win64; x64) AppleWebKit/537.36 (KHTML, like Gecko) Chrome/83.0.4103.116 Safari/537.36"
::1 - - [09/Jul/2020:01:09:10 +0200] "GET / HTTP/1.1" 200 1411 "http://localhost:22222/login" "Mozilla/5.0 (Windows NT 10.0; Win64; x64) AppleWebKit/537.36 (KHTML, like Gecko) Chrome/83.0.4103.116 Safari/537.36"
::1 - - [09/Jul/2020:01:09:23 +0200] "GET /login HTTP/1.1" 302 250 "-" "Mozilla/5.0 (Windows NT 10.0; Win64; x64) AppleWebKit/537.36 (KHTML, like Gecko) Chrome/83.0.4103.116 Safari/537.36"
::1 - - [09/Jul/2020:01:09:24 +0200] "GET /user HTTP/1.1" 200 1411 "http://localhost:22222/" "Mozilla/5.0 (Windows NT 10.0; Win64; x64) AppleWebKit/537.36 (KHTML, like Gecko) Chrome/83.0.4103.116 Safari/537.36"
::1 - - [09/Jul/2020:09:03:07 +0200] "GET / HTTP/1.1" 200 1411 "-" "Mozilla/5.0 (Windows NT 10.0; Win64; x64) AppleWebKit/537.36 (KHTML, like Gecko) Chrome/83.0.4103.116 Safari/537.36"
::1 - - [09/Jul/2020:09:03:07 +0200] "GET /bootstrap/css/custom.css HTTP/1.1" 304 - "http://localhost:22222/" "Mozilla/5.0 (Windows NT 10.0; Win64; x64) AppleWebKit/537.36 (KHTML, like Gecko) Chrome/83.0.4103.116 Safari/537.36"
::1 - - [09/Jul/2020:09:03:07 +0200] "GET /favicon.ico HTTP/1.1" 404 185243 "http://localhost:22222/" "Mozilla/5.0 (Windows NT 10.0; Win64; x64) AppleWebKit/537.36 (KHTML, like Gecko) Chrome/83.0.4103.116 Safari/537.36"
::1 - - [09/Jul/2020:09:03:13 +0200] "GET /login HTTP/1.1" 200 1586 "-" "Mozilla/5.0 (Windows NT 10.0; Win64; x64) AppleWebKit/537.36 (KHTML, like Gecko) Chrome/83.0.4103.116 Safari/537.36"
::1 - - [09/Jul/2020:09:19:30 +0200] "GET / HTTP/1.1" 200 1411 "-" "Mozilla/5.0 (Windows NT 10.0; Win64; x64) AppleWebKit/537.36 (KHTML, like Gecko) Chrome/83.0.4103.116 Safari/537.36"
::1 - - [09/Jul/2020:09:19:36 +0200] "GET /login HTTP/1.1" 200 1586 "-" "Mozilla/5.0 (Windows NT 10.0; Win64; x64) AppleWebKit/537.36 (KHTML, like Gecko) Chrome/83.0.4103.116 Safari/537.36"
::1 - - [09/Jul/2020:09:19:43 +0200] "GET /login HTTP/1.1" 200 1586 "-" "Mozilla/5.0 (Windows NT 10.0; Win64; x64) AppleWebKit/537.36 (KHTML, like Gecko) Chrome/83.0.4103.116 Safari/537.36"
::1 - - [09/Jul/2020:09:20:14 +0200] "POST /login HTTP/1.1" 302 250 "http://localhost:22222/login" "Mozilla/5.0 (Windows NT 10.0; Win64; x64) AppleWebKit/537.36 (KHTML, like Gecko) Chrome/83.0.4103.116 Safari/537.36"
::1 - - [09/Jul/2020:09:20:14 +0200] "GET / HTTP/1.1" 200 1411 "http://localhost:22222/login" "Mozilla/5.0 (Windows NT 10.0; Win64; x64) AppleWebKit/537.36 (KHTML, like Gecko) Chrome/83.0.4103.116 Safari/537.36"
::1 - - [09/Jul/2020:09:23:20 +0200] "GET /login HTTP/1.1" 200 1606 "-" "Mozilla/5.0 (Windows NT 10.0; Win64; x64) AppleWebKit/537.36 (KHTML, like Gecko) Chrome/83.0.4103.116 Safari/537.36"
::1 - - [09/Jul/2020:09:23:26 +0200] "POST /login HTTP/1.1" 302 270 "http://localhost:22222/login" "Mozilla/5.0 (Windows NT 10.0; Win64; x64) AppleWebKit/537.36 (KHTML, like Gecko) Chrome/83.0.4103.116 Safari/537.36"
::1 - - [09/Jul/2020:09:23:27 +0200] "GET /login HTTP/1.1" 200 1677 "http://localhost:22222/login" "Mozilla/5.0 (Windows NT 10.0; Win64; x64) AppleWebKit/537.36 (KHTML, like Gecko) Chrome/83.0.4103.116 Safari/537.36"
::1 - - [09/Jul/2020:09:23:32 +0200] "POST /login HTTP/1.1" 302 250 "http://localhost:22222/login" "Mozilla/5.0 (Windows NT 10.0; Win64; x64) AppleWebKit/537.36 (KHTML, like Gecko) Chrome/83.0.4103.116 Safari/537.36"
::1 - - [09/Jul/2020:09:23:32 +0200] "GET / HTTP/1.1" 200 1411 "http://localhost:22222/login" "Mozilla/5.0 (Windows NT 10.0; Win64; x64) AppleWebKit/537.36 (KHTML, like Gecko) Chrome/83.0.4103.116 Safari/537.36"
::1 - - [09/Jul/2020:09:50:36 +0200] "GET / HTTP/1.1" 200 1411 "-" "Mozilla/5.0 (Windows NT 10.0; Win64; x64) AppleWebKit/537.36 (KHTML, like Gecko) Chrome/83.0.4103.116 Safari/537.36"
::1 - - [09/Jul/2020:09:50:41 +0200] "GET /login HTTP/1.1" 302 250 "-" "Mozilla/5.0 (Windows NT 10.0; Win64; x64) AppleWebKit/537.36 (KHTML, like Gecko) Chrome/83.0.4103.116 Safari/537.36"
::1 - - [09/Jul/2020:09:50:41 +0200] "GET / HTTP/1.1" 200 1411 "-" "Mozilla/5.0 (Windows NT 10.0; Win64; x64) AppleWebKit/537.36 (KHTML, like Gecko) Chrome/83.0.4103.116 Safari/537.36"
::1 - - [09/Jul/2020:09:50:47 +0200] "GET /user HTTP/1.1" 200 1411 "http://localhost:22222/" "Mozilla/5.0 (Windows NT 10.0; Win64; x64) AppleWebKit/537.36 (KHTML, like Gecko) Chrome/83.0.4103.116 Safari/537.36"
::1 - - [09/Jul/2020:09:50:51 +0200] "GET /bootstrap/js/bootstrap.min.js.map HTTP/1.1" 200 190253 "-" "Mozilla/5.0 (Linux; Android 6.0; Nexus 5 Build/MRA58N) AppleWebKit/537.36 (KHTML, like Gecko) Chrome/83.0.4103.116 Mobile Safari/537.36"
::1 - - [09/Jul/2020:09:50:51 +0200] "GET /bootstrap/css/bootstrap.min.css.map HTTP/1.1" 200 625953 "-" "Mozilla/5.0 (Linux; Android 6.0; Nexus 5 Build/MRA58N) AppleWebKit/537.36 (KHTML, like Gecko) Chrome/83.0.4103.116 Mobile Safari/537.36"
::1 - - [09/Jul/2020:09:50:51 +0200] "GET /bootstrap/js/popper.min.js.map HTTP/1.1" 404 185199 "-" "Mozilla/5.0 (Linux; Android 6.0; Nexus 5 Build/MRA58N) AppleWebKit/537.36 (KHTML, like Gecko) Chrome/83.0.4103.116 Mobile Safari/537.36"
::1 - - [09/Jul/2020:09:50:58 +0200] "GET /user HTTP/1.1" 200 1411 "http://localhost:22222/user" "Mozilla/5.0 (Linux; Android 6.0; Nexus 5 Build/MRA58N) AppleWebKit/537.36 (KHTML, like Gecko) Chrome/83.0.4103.116 Mobile Safari/537.36"
::1 - - [09/Jul/2020:09:50:58 +0200] "GET /bootstrap/js/popper.min.js.map HTTP/1.1" 404 185199 "-" "Mozilla/5.0 (Linux; Android 6.0; Nexus 5 Build/MRA58N) AppleWebKit/537.36 (KHTML, like Gecko) Chrome/83.0.4103.116 Mobile Safari/537.36"
::1 - - [09/Jul/2020:09:51:04 +0200] "GET /login HTTP/1.1" 302 250 "-" "Mozilla/5.0 (Linux; Android 6.0; Nexus 5 Build/MRA58N) AppleWebKit/537.36 (KHTML, like Gecko) Chrome/83.0.4103.116 Mobile Safari/537.36"
::1 - - [09/Jul/2020:09:51:04 +0200] "GET / HTTP/1.1" 200 1411 "-" "Mozilla/5.0 (Linux; Android 6.0; Nexus 5 Build/MRA58N) AppleWebKit/537.36 (KHTML, like Gecko) Chrome/83.0.4103.116 Mobile Safari/537.36"
::1 - - [09/Jul/2020:09:51:04 +0200] "GET /bootstrap/js/popper.min.js.map HTTP/1.1" 404 185199 "-" "Mozilla/5.0 (Linux; Android 6.0; Nexus 5 Build/MRA58N) AppleWebKit/537.36 (KHTML, like Gecko) Chrome/83.0.4103.116 Mobile Safari/537.36"
::1 - - [09/Jul/2020:09:52:26 +0200] "GET / HTTP/1.1" 200 1411 "-" "Mozilla/5.0 (Linux; Android 6.0; Nexus 5 Build/MRA58N) AppleWebKit/537.36 (KHTML, like Gecko) Chrome/83.0.4103.116 Mobile Safari/537.36"
::1 - - [09/Jul/2020:09:52:26 +0200] "GET /bootstrap/js/popper.min.js.map HTTP/1.1" 404 185199 "-" "Mozilla/5.0 (Linux; Android 6.0; Nexus 5 Build/MRA58N) AppleWebKit/537.36 (KHTML, like Gecko) Chrome/83.0.4103.116 Mobile Safari/537.36"
::1 - - [09/Jul/2020:09:52:37 +0200] "GET /bootstrap/js/popper.min.js.map HTTP/1.1" 404 185199 "-" "Mozilla/5.0 (Windows NT 10.0; Win64; x64) AppleWebKit/537.36 (KHTML, like Gecko) Chrome/83.0.4103.116 Safari/537.36"
::1 - - [09/Jul/2020:09:53:08 +0200] "GET / HTTP/1.1" 200 1411 "-" "Mozilla/5.0 (Macintosh; Intel Mac OS X 10_13_6) AppleWebKit/537.36 (KHTML, like Gecko) Chrome/74.0.3694.0 Safari/537.36 Chrome-Lighthouse"
::1 - - [09/Jul/2020:09:53:08 +0200] "GET /bootstrap/css/custom.css HTTP/1.1" 200 606 "http://localhost:22222/" "Mozilla/5.0 (Macintosh; Intel Mac OS X 10_13_6) AppleWebKit/537.36 (KHTML, like Gecko) Chrome/74.0.3694.0 Safari/537.36 Chrome-Lighthouse"
::1 - - [09/Jul/2020:09:53:08 +0200] "GET /bootstrap/css/bootstrap.min.css HTTP/1.1" 200 155758 "http://localhost:22222/" "Mozilla/5.0 (Macintosh; Intel Mac OS X 10_13_6) AppleWebKit/537.36 (KHTML, like Gecko) Chrome/74.0.3694.0 Safari/537.36 Chrome-Lighthouse"
::1 - - [09/Jul/2020:09:53:08 +0200] "GET /bootstrap/js/jquery-3.5.1.min.js HTTP/1.1" 200 89476 "http://localhost:22222/" "Mozilla/5.0 (Macintosh; Intel Mac OS X 10_13_6) AppleWebKit/537.36 (KHTML, like Gecko) Chrome/74.0.3694.0 Safari/537.36 Chrome-Lighthouse"
::1 - - [09/Jul/2020:09:53:08 +0200] "GET /bootstrap/js/bootstrap.min.js HTTP/1.1" 200 58072 "http://localhost:22222/" "Mozilla/5.0 (Macintosh; Intel Mac OS X 10_13_6) AppleWebKit/537.36 (KHTML, like Gecko) Chrome/74.0.3694.0 Safari/537.36 Chrome-Lighthouse"
::1 - - [09/Jul/2020:09:53:08 +0200] "GET /bootstrap/js/popper.min.js HTTP/1.1" 200 19036 "http://localhost:22222/" "Mozilla/5.0 (Macintosh; Intel Mac OS X 10_13_6) AppleWebKit/537.36 (KHTML, like Gecko) Chrome/74.0.3694.0 Safari/537.36 Chrome-Lighthouse"
::1 - - [09/Jul/2020:09:53:10 +0200] "GET /robots.txt HTTP/1.1" 404 185234 "http://localhost:22222/" "Mozilla/5.0 (Macintosh; Intel Mac OS X 10_13_6) AppleWebKit/537.36 (KHTML, like Gecko) Chrome/74.0.3694.0 Safari/537.36 Chrome-Lighthouse"
::1 - - [09/Jul/2020:09:53:10 +0200] "GET / HTTP/1.1" 200 1411 "-" "Mozilla/5.0 (Macintosh; Intel Mac OS X 10_13_6) AppleWebKit/537.36 (KHTML, like Gecko) Chrome/74.0.3694.0 Safari/537.36 Chrome-Lighthouse"
::1 - - [09/Jul/2020:09:53:11 +0200] "GET / HTTP/1.1" 200 1411 "-" "Mozilla/5.0 (Macintosh; Intel Mac OS X 10_13_6) AppleWebKit/537.36 (KHTML, like Gecko) Chrome/74.0.3694.0 Safari/537.36 Chrome-Lighthouse"
::1 - - [09/Jul/2020:09:53:11 +0200] "GET /bootstrap.min.css.map HTTP/1.1" 404 185118 "-" "Mozilla/5.0 (Windows NT 10.0; Win64; x64) AppleWebKit/537.36 (KHTML, like Gecko) Chrome/83.0.4103.116 Safari/537.36"
::1 - - [09/Jul/2020:09:53:11 +0200] "GET / HTTP/1.1" 200 1411 "-" "Mozilla/5.0 (Linux; Android 6.0; Nexus 5 Build/MRA58N) AppleWebKit/537.36 (KHTML, like Gecko) Chrome/83.0.4103.116 Mobile Safari/537.36"
::1 - - [09/Jul/2020:09:53:12 +0200] "GET /bootstrap/js/bootstrap.min.js.map HTTP/1.1" 200 190253 "-" "Mozilla/5.0 (Linux; Android 6.0; Nexus 5 Build/MRA58N) AppleWebKit/537.36 (KHTML, like Gecko) Chrome/83.0.4103.116 Mobile Safari/537.36"
::1 - - [09/Jul/2020:09:53:12 +0200] "GET /bootstrap/css/bootstrap.min.css.map HTTP/1.1" 200 625953 "-" "Mozilla/5.0 (Linux; Android 6.0; Nexus 5 Build/MRA58N) AppleWebKit/537.36 (KHTML, like Gecko) Chrome/83.0.4103.116 Mobile Safari/537.36"
::1 - - [09/Jul/2020:09:53:12 +0200] "GET /bootstrap/js/popper.min.js.map HTTP/1.1" 404 185199 "-" "Mozilla/5.0 (Linux; Android 6.0; Nexus 5 Build/MRA58N) AppleWebKit/537.36 (KHTML, like Gecko) Chrome/83.0.4103.116 Mobile Safari/537.36"
::1 - - [11/Jul/2020:00:27:28 +0200] "GET / HTTP/1.1" 200 1411 "-" "Mozilla/5.0 (Windows NT 10.0; Win64; x64) AppleWebKit/537.36 (KHTML, like Gecko) Chrome/83.0.4103.116 Safari/537.36"
::1 - - [11/Jul/2020:00:27:28 +0200] "GET /bootstrap/js/jquery-3.5.1.min.js HTTP/1.1" 304 - "http://localhost:22222/" "Mozilla/5.0 (Windows NT 10.0; Win64; x64) AppleWebKit/537.36 (KHTML, like Gecko) Chrome/83.0.4103.116 Safari/537.36"
::1 - - [11/Jul/2020:00:27:28 +0200] "GET /bootstrap/js/popper.min.js HTTP/1.1" 304 - "http://localhost:22222/" "Mozilla/5.0 (Windows NT 10.0; Win64; x64) AppleWebKit/537.36 (KHTML, like Gecko) Chrome/83.0.4103.116 Safari/537.36"
::1 - - [11/Jul/2020:00:27:28 +0200] "GET /bootstrap/css/custom.css HTTP/1.1" 304 - "http://localhost:22222/" "Mozilla/5.0 (Windows NT 10.0; Win64; x64) AppleWebKit/537.36 (KHTML, like Gecko) Chrome/83.0.4103.116 Safari/537.36"
::1 - - [11/Jul/2020:00:27:28 +0200] "GET /bootstrap/css/bootstrap.min.css HTTP/1.1" 304 - "http://localhost:22222/" "Mozilla/5.0 (Windows NT 10.0; Win64; x64) AppleWebKit/537.36 (KHTML, like Gecko) Chrome/83.0.4103.116 Safari/537.36"
::1 - - [11/Jul/2020:00:27:28 +0200] "GET /bootstrap/js/bootstrap.min.js HTTP/1.1" 304 - "http://localhost:22222/" "Mozilla/5.0 (Windows NT 10.0; Win64; x64) AppleWebKit/537.36 (KHTML, like Gecko) Chrome/83.0.4103.116 Safari/537.36"
::1 - - [11/Jul/2020:00:27:49 +0200] "GET /register HTTP/1.1" 500 104569 "-" "Mozilla/5.0 (Windows NT 10.0; Win64; x64) AppleWebKit/537.36 (KHTML, like Gecko) Chrome/83.0.4103.116 Safari/537.36"
::1 - - [11/Jul/2020:15:21:51 +0200] "GET /register HTTP/1.1" 500 104569 "-" "Mozilla/5.0 (Windows NT 10.0; Win64; x64) AppleWebKit/537.36 (KHTML, like Gecko) Chrome/83.0.4103.116 Safari/537.36"
::1 - - [11/Jul/2020:15:23:01 +0200] "GET / HTTP/1.1" 200 1411 "-" "Mozilla/5.0 (Windows NT 10.0; Win64; x64) AppleWebKit/537.36 (KHTML, like Gecko) Chrome/83.0.4103.116 Safari/537.36"
::1 - - [11/Jul/2020:15:23:02 +0200] "GET /bootstrap/js/jquery-3.5.1.min.js HTTP/1.1" 200 89476 "http://localhost:22222/" "Mozilla/5.0 (Windows NT 10.0; Win64; x64) AppleWebKit/537.36 (KHTML, like Gecko) Chrome/83.0.4103.116 Safari/537.36"
::1 - - [11/Jul/2020:15:23:02 +0200] "GET /bootstrap/js/popper.min.js HTTP/1.1" 200 19036 "http://localhost:22222/" "Mozilla/5.0 (Windows NT 10.0; Win64; x64) AppleWebKit/537.36 (KHTML, like Gecko) Chrome/83.0.4103.116 Safari/537.36"
::1 - - [11/Jul/2020:15:23:02 +0200] "GET /bootstrap/js/bootstrap.min.js HTTP/1.1" 200 58072 "http://localhost:22222/" "Mozilla/5.0 (Windows NT 10.0; Win64; x64) AppleWebKit/537.36 (KHTML, like Gecko) Chrome/83.0.4103.116 Safari/537.36"
::1 - - [11/Jul/2020:15:23:02 +0200] "GET /bootstrap/css/custom.css HTTP/1.1" 200 606 "http://localhost:22222/" "Mozilla/5.0 (Windows NT 10.0; Win64; x64) AppleWebKit/537.36 (KHTML, like Gecko) Chrome/83.0.4103.116 Safari/537.36"
::1 - - [11/Jul/2020:15:23:02 +0200] "GET /bootstrap/css/bootstrap.min.css HTTP/1.1" 200 155758 "http://localhost:22222/" "Mozilla/5.0 (Windows NT 10.0; Win64; x64) AppleWebKit/537.36 (KHTML, like Gecko) Chrome/83.0.4103.116 Safari/537.36"
127.0.0.1 - - [11/Jul/2020:15:23:02 +0200] "GET /bootstrap/js/popper.min.js.map HTTP/1.1" 404 185199 "-" "-"
127.0.0.1 - - [11/Jul/2020:15:23:02 +0200] "GET /bootstrap/js/bootstrap.min.js.map HTTP/1.1" 200 190253 "-" "-"
::1 - - [11/Jul/2020:15:23:02 +0200] "GET /favicon.ico HTTP/1.1" 404 185243 "http://localhost:22222/" "Mozilla/5.0 (Windows NT 10.0; Win64; x64) AppleWebKit/537.36 (KHTML, like Gecko) Chrome/83.0.4103.116 Safari/537.36"
::1 - - [11/Jul/2020:15:23:08 +0200] "GET /register HTTP/1.1" 500 104569 "-" "Mozilla/5.0 (Windows NT 10.0; Win64; x64) AppleWebKit/537.36 (KHTML, like Gecko) Chrome/83.0.4103.116 Safari/537.36"
::1 - - [11/Jul/2020:15:23:22 +0200] "GET /register HTTP/1.1" 500 104569 "-" "Mozilla/5.0 (Windows NT 10.0; Win64; x64) AppleWebKit/537.36 (KHTML, like Gecko) Chrome/83.0.4103.116 Safari/537.36"
::1 - - [11/Jul/2020:15:23:33 +0200] "GET /register HTTP/1.1" 500 104569 "-" "Mozilla/5.0 (Windows NT 10.0; Win64; x64) AppleWebKit/537.36 (KHTML, like Gecko) Chrome/83.0.4103.116 Safari/537.36"
::1 - - [11/Jul/2020:15:24:27 +0200] "GET / HTTP/1.1" 200 1411 "-" "Mozilla/5.0 (Windows NT 10.0; Win64; x64) AppleWebKit/537.36 (KHTML, like Gecko) Chrome/83.0.4103.116 Safari/537.36"
127.0.0.1 - - [11/Jul/2020:15:24:27 +0200] "GET /bootstrap/js/popper.min.js.map HTTP/1.1" 404 185199 "-" "-"
127.0.0.1 - - [11/Jul/2020:15:24:27 +0200] "GET /bootstrap/js/bootstrap.min.js.map HTTP/1.1" 200 190253 "-" "-"
::1 - - [11/Jul/2020:15:24:27 +0200] "GET /favicon.ico HTTP/1.1" 404 185243 "http://localhost:22222/" "Mozilla/5.0 (Windows NT 10.0; Win64; x64) AppleWebKit/537.36 (KHTML, like Gecko) Chrome/83.0.4103.116 Safari/537.36"
::1 - - [11/Jul/2020:15:24:34 +0200] "GET /register HTTP/1.1" 500 104569 "-" "Mozilla/5.0 (Windows NT 10.0; Win64; x64) AppleWebKit/537.36 (KHTML, like Gecko) Chrome/83.0.4103.116 Safari/537.36"
::1 - - [11/Jul/2020:15:28:41 +0200] "GET /register HTTP/1.1" 500 104569 "-" "Mozilla/5.0 (Windows NT 10.0; Win64; x64) AppleWebKit/537.36 (KHTML, like Gecko) Chrome/83.0.4103.116 Safari/537.36"
::1 - - [11/Jul/2020:15:28:46 +0200] "GET /register HTTP/1.1" 500 104569 "-" "Mozilla/5.0 (Windows NT 10.0; Win64; x64) AppleWebKit/537.36 (KHTML, like Gecko) Chrome/83.0.4103.116 Safari/537.36"
